<?xml version="1.0" encoding="UTF-8"?>
<!-- Generated by org.testng.reporters.JUnitXMLReporter -->
<testsuite hostname="MEL-DT00961" name="abcPageTesting" tests="2" failures="1" timestamp="1 Apr 2016 01:37:20 GMT" time="5.533" errors="0">
  <testcase name="compareABCPageTiletoWongTitle" time="0.033" classname="AutomationSteupTest.demo.TheabcTest">
    <failure type="java.lang.AssertionError" message="expected [ABC News] but found [ABC News (Australian Broadcasting Corporation)]">
      <![CDATA[java.lang.AssertionError: expected [ABC News] but found [ABC News (Australian Broadcasting Corporation)]
	at AutomationSteupTest.demo.TheabcTest.compareABCPageTiletoWongTitle(TheabcTest.java:34)
... Removed 30 stack frames]]>
    </failure>
  </testcase> <!-- compareABCPageTiletoWongTitle -->
  <testcase name="getABCNewPageTitle" time="0.32" classname="AutomationSteupTest.demo.TheabcTest"/>
</testsuite> <!-- abcPageTesting -->
