<?xml version="1.0" encoding="UTF-8"?>
<!-- Generated by org.testng.reporters.JUnitXMLReporter -->
<testsuite hostname="MEL-DT00961" name="fullReg" tests="3" failures="0" timestamp="12 Apr 2016 00:57:31 GMT" time="13.984" errors="0">
  <testcase name="getABCNewPageTitle" time="0.014" classname="AutomationSteupTest.demo.TheabcTest"/>
  <testcase name="compareEbayPageTiletoWongTitle" time="0.0" classname="AutomationSteupTest.demo.ebaytest"/>
  <testcase name="getEbayPageTitle" time="0.32" classname="AutomationSteupTest.demo.ebaytest"/>
</testsuite> <!-- fullReg -->
