<?xml version="1.0" encoding="UTF-8"?>
<!-- Generated by org.testng.reporters.JUnitXMLReporter -->
<testsuite hostname="MEL-DT00961" name="abcPageTesting" tests="2" failures="1" timestamp="1 Apr 2016 01:38:18 GMT" time="8.304" errors="0">
  <testcase name="compareEbayPageTiletoWongTitle" time="0.637" classname="AutomationSteupTest.demo.ebaytest">
    <failure type="java.lang.AssertionError" message="expected [ABC News] but found [Electronics, Cars, Fashion, Collectibles, Coupons and More | eBay]">
      <![CDATA[java.lang.AssertionError: expected [ABC News] but found [Electronics, Cars, Fashion, Collectibles, Coupons and More | eBay]
	at AutomationSteupTest.demo.ebaytest.compareEbayPageTiletoWongTitle(ebaytest.java:33)
... Removed 30 stack frames]]>
    </failure>
  </testcase> <!-- compareEbayPageTiletoWongTitle -->
  <testcase name="getEbayPageTitle" time="0.02" classname="AutomationSteupTest.demo.ebaytest"/>
</testsuite> <!-- abcPageTesting -->
